<?xml version="1.0" encoding="UTF-8"?>
<!-- Generated by org.testng.reporters.JUnitXMLReporter -->
<testsuite ignored="0" hostname="DESKTOP-93DVGPK" failures="0" tests="4" name="Surefire test" time="4.319" errors="0" timestamp="2025-01-09T15:47:29 GMT-05:00">
  <testcase classname="api.test.UserTests" name="testPostUser" time="2.6"/>
  <testcase classname="api.test.UserTests" name="testGetUserByName" time="0.453"/>
  <testcase classname="api.test.UserTests" name="testUpdateUser" time="0.748"/>
  <testcase classname="api.test.UserTests" name="testDeleteUserByName" time="0.307"/>
</testsuite> <!-- Surefire test -->
