<?xml version="1.0" encoding="UTF-8"?>
<!-- Generated by org.testng.reporters.JUnitXMLReporter -->
<testsuite ignored="0" hostname="DESKTOP-93DVGPK" failures="0" tests="4" name="Default test" time="3.875" errors="0" timestamp="2025-01-09T14:57:46 GMT-05:00">
  <testcase classname="api.test.UserTests" name="testPostUser" time="2.302"/>
  <testcase classname="api.test.UserTests" name="testGetUserByName" time="0.345"/>
  <testcase classname="api.test.UserTests" name="testUpdateUser" time="0.565"/>
  <testcase classname="api.test.UserTests" name="testDeleteUserByName" time="0.378"/>
</testsuite> <!-- Default test -->
