<?xml version="1.0" encoding="UTF-8"?>
<!-- Generated by org.testng.reporters.JUnitXMLReporter -->
<testsuite ignored="0" hostname="DESKTOP-93DVGPK" failures="0" tests="8" name="Test" time="5.685" errors="0" timestamp="2025-01-09T15:29:38 GMT-05:00">
  <testcase classname="api.test.UserTests" name="testPostUser" time="2.23"/>
  <testcase classname="api.test.UserTests" name="testGetUserByName" time="0.418"/>
  <testcase classname="api.test.UserTests" name="testUpdateUser" time="0.586"/>
  <testcase classname="api.test.UserTests" name="testDeleteUserByName" time="0.281"/>
  <testcase classname="api.test.UserTests2" name="testPostUser" time="0.434"/>
  <testcase classname="api.test.UserTests2" name="testGetUserByName" time="0.441"/>
  <testcase classname="api.test.UserTests2" name="testUpdateUser" time="0.714"/>
  <testcase classname="api.test.UserTests2" name="testDeleteUserByName" time="0.314"/>
</testsuite> <!-- Test -->
