<?xml version="1.0" encoding="UTF-8"?>
<testng-results ignored="0" total="4" passed="4" failed="0" skipped="0">
  <reporter-output>
  </reporter-output>
  <suite started-at="2025-01-09T15:47:24 GMT-05:00" name="Surefire suite" finished-at="2025-01-09T15:47:29 GMT-05:00" duration-ms="4319">
    <groups>
    </groups>
    <test started-at="2025-01-09T15:47:24 GMT-05:00" name="Surefire test" finished-at="2025-01-09T15:47:29 GMT-05:00" duration-ms="4319">
      <class name="api.test.UserTests">
        <test-method is-config="true" signature="setupData()[pri:0, instance:api.test.UserTests@5a63f509]" started-at="2025-01-09T15:47:24 GMT-05:00" name="setupData" finished-at="2025-01-09T15:47:24 GMT-05:00" duration-ms="155" status="PASS">
          <reporter-output>
          </reporter-output>
        </test-method> <!-- setupData -->
        <test-method signature="testPostUser()[pri:1, instance:api.test.UserTests@5a63f509]" started-at="2025-01-09T15:47:24 GMT-05:00" name="testPostUser" finished-at="2025-01-09T15:47:27 GMT-05:00" duration-ms="2600" status="PASS">
          <reporter-output>
          </reporter-output>
        </test-method> <!-- testPostUser -->
        <test-method signature="testGetUserByName()[pri:2, instance:api.test.UserTests@5a63f509]" started-at="2025-01-09T15:47:27 GMT-05:00" name="testGetUserByName" finished-at="2025-01-09T15:47:27 GMT-05:00" duration-ms="453" status="PASS">
          <reporter-output>
          </reporter-output>
        </test-method> <!-- testGetUserByName -->
        <test-method signature="testUpdateUser()[pri:3, instance:api.test.UserTests@5a63f509]" started-at="2025-01-09T15:47:27 GMT-05:00" name="testUpdateUser" finished-at="2025-01-09T15:47:28 GMT-05:00" duration-ms="748" status="PASS">
          <reporter-output>
          </reporter-output>
        </test-method> <!-- testUpdateUser -->
        <test-method signature="testDeleteUserByName()[pri:4, instance:api.test.UserTests@5a63f509]" started-at="2025-01-09T15:47:28 GMT-05:00" name="testDeleteUserByName" finished-at="2025-01-09T15:47:29 GMT-05:00" duration-ms="307" status="PASS">
          <reporter-output>
          </reporter-output>
        </test-method> <!-- testDeleteUserByName -->
      </class> <!-- api.test.UserTests -->
    </test> <!-- Surefire test -->
  </suite> <!-- Surefire suite -->
</testng-results>
