<?xml version="1.0" encoding="UTF-8"?>
<testng-results ignored="0" total="8" passed="8" failed="0" skipped="0">
  <reporter-output>
  </reporter-output>
  <suite started-at="2025-01-09T15:29:32 GMT-05:00" name="Suite" finished-at="2025-01-09T15:29:38 GMT-05:00" duration-ms="5685">
    <groups>
    </groups>
    <test started-at="2025-01-09T15:29:32 GMT-05:00" name="Test" finished-at="2025-01-09T15:29:38 GMT-05:00" duration-ms="5685">
      <class name="api.test.UserTests2">
        <test-method is-config="true" signature="setupData()[pri:0, instance:api.test.UserTests2@8297b3a]" started-at="2025-01-09T15:29:36 GMT-05:00" name="setupData" finished-at="2025-01-09T15:29:36 GMT-05:00" duration-ms="25" status="PASS">
          <reporter-output>
          </reporter-output>
        </test-method> <!-- setupData -->
        <test-method signature="testPostUser()[pri:1, instance:api.test.UserTests2@8297b3a]" started-at="2025-01-09T15:29:36 GMT-05:00" name="testPostUser" finished-at="2025-01-09T15:29:37 GMT-05:00" duration-ms="434" status="PASS">
          <reporter-output>
          </reporter-output>
        </test-method> <!-- testPostUser -->
        <test-method signature="testGetUserByName()[pri:2, instance:api.test.UserTests2@8297b3a]" started-at="2025-01-09T15:29:37 GMT-05:00" name="testGetUserByName" finished-at="2025-01-09T15:29:37 GMT-05:00" duration-ms="441" status="PASS">
          <reporter-output>
          </reporter-output>
        </test-method> <!-- testGetUserByName -->
        <test-method signature="testUpdateUser()[pri:3, instance:api.test.UserTests2@8297b3a]" started-at="2025-01-09T15:29:37 GMT-05:00" name="testUpdateUser" finished-at="2025-01-09T15:29:38 GMT-05:00" duration-ms="714" status="PASS">
          <reporter-output>
          </reporter-output>
        </test-method> <!-- testUpdateUser -->
        <test-method signature="testDeleteUserByName()[pri:4, instance:api.test.UserTests2@8297b3a]" started-at="2025-01-09T15:29:38 GMT-05:00" name="testDeleteUserByName" finished-at="2025-01-09T15:29:38 GMT-05:00" duration-ms="314" status="PASS">
          <reporter-output>
          </reporter-output>
        </test-method> <!-- testDeleteUserByName -->
      </class> <!-- api.test.UserTests2 -->
      <class name="api.test.UserTests">
        <test-method is-config="true" signature="setupData()[pri:0, instance:api.test.UserTests@1ff4931d]" started-at="2025-01-09T15:29:32 GMT-05:00" name="setupData" finished-at="2025-01-09T15:29:33 GMT-05:00" duration-ms="174" status="PASS">
          <reporter-output>
          </reporter-output>
        </test-method> <!-- setupData -->
        <test-method signature="testPostUser()[pri:1, instance:api.test.UserTests@1ff4931d]" started-at="2025-01-09T15:29:33 GMT-05:00" name="testPostUser" finished-at="2025-01-09T15:29:35 GMT-05:00" duration-ms="2230" status="PASS">
          <reporter-output>
          </reporter-output>
        </test-method> <!-- testPostUser -->
        <test-method signature="testGetUserByName()[pri:2, instance:api.test.UserTests@1ff4931d]" started-at="2025-01-09T15:29:35 GMT-05:00" name="testGetUserByName" finished-at="2025-01-09T15:29:35 GMT-05:00" duration-ms="418" status="PASS">
          <reporter-output>
          </reporter-output>
        </test-method> <!-- testGetUserByName -->
        <test-method signature="testUpdateUser()[pri:3, instance:api.test.UserTests@1ff4931d]" started-at="2025-01-09T15:29:35 GMT-05:00" name="testUpdateUser" finished-at="2025-01-09T15:29:36 GMT-05:00" duration-ms="586" status="PASS">
          <reporter-output>
          </reporter-output>
        </test-method> <!-- testUpdateUser -->
        <test-method signature="testDeleteUserByName()[pri:4, instance:api.test.UserTests@1ff4931d]" started-at="2025-01-09T15:29:36 GMT-05:00" name="testDeleteUserByName" finished-at="2025-01-09T15:29:36 GMT-05:00" duration-ms="281" status="PASS">
          <reporter-output>
          </reporter-output>
        </test-method> <!-- testDeleteUserByName -->
      </class> <!-- api.test.UserTests -->
    </test> <!-- Test -->
  </suite> <!-- Suite -->
</testng-results>
